#
# There is insufficient memory for the Java Runtime Environment to continue.
# Native memory allocation (mmap) failed to map 13631488 bytes for Failed to commit area from 0x00000000c5800000 to 0x00000000c6500000 of length 13631488.
# Possible reasons:
#   The system is out of physical RAM or swap space
#   The process is running with CompressedOops enabled, and the Java Heap may be blocking the growth of the native heap
# Possible solutions:
#   Reduce memory load on the system
#   Increase physical memory or swap space
#   Check if swap backing store is full
#   Decrease Java heap size (-Xmx/-Xms)
#   Decrease number of Java threads
#   Decrease Java thread stack sizes (-Xss)
#   Set larger code cache with -XX:ReservedCodeCacheSize=
#   JVM is running with Unscaled Compressed Oops mode in which the Java heap is
#     placed in the first 4GB address space. The Java Heap base address is the
#     maximum limit for the native heap growth. Please use -XX:HeapBaseMinAddress
#     to set the Java Heap base and to place the Java Heap above 4GB virtual address.
# This output file may be truncated or incomplete.
#
#  Out of Memory Error (t:/workspace/open/src/hotspot/os/windows/os_windows.cpp:3269), pid=10956, tid=12580
#
# JRE version: Java(TM) SE Runtime Environment (11.0.1+13) (build 11.0.1+13-LTS)
# Java VM: Java HotSpot(TM) 64-Bit Server VM (11.0.1+13-LTS, mixed mode, tiered, compressed oops, g1 gc, windows-amd64)
# No core dump will be written. Minidumps are not enabled by default on client versions of Windows
#

---------------  S U M M A R Y ------------

Command Line: -Dmaven.multiModuleProjectDirectory=E:\Documents -Dmaven.home=E:\Program Files\JetBrains\IntelliJ IDEA 2019.1.1\plugins\maven\lib\maven3 -Dclassworlds.conf=E:\Program Files\JetBrains\IntelliJ IDEA 2019.1.1\plugins\maven\lib\maven3\bin\m2.conf -javaagent:E:\Program Files\JetBrains\IntelliJ IDEA 2019.1.1\lib\idea_rt.jar=55540:E:\Program Files\JetBrains\IntelliJ IDEA 2019.1.1\bin -Dfile.encoding=UTF-8 org.codehaus.classworlds.Launcher -Didea.version2019.1.1 install

Host: Intel(R) Core(TM) i5-6200U CPU @ 2.30GHz, 4 cores, 3G,  Windows 10 , 64 bit Build 18362 (10.0.18362.329)
Time: Mon Dec 23 14:02:37 2019 Oeieyiaey (ceia) elapsed time: 3 seconds (0d 0h 0m 3s)

---------------  T H R E A D  ---------------

Current thread (0x0000018523b52800):  VMThread "VM Thread" [stack: 0x00000055fb600000,0x00000055fb700000] [id=12580]

Stack: [0x00000055fb600000,0x00000055fb700000]
[error occurred during error reporting (printing stack bounds), id 0xc0000005, EXCEPTION_ACCESS_VIOLATION (0xc0000005) at pc=0x0000018510170bad]

Native frames: (J=compiled Java code, j=interpreted, Vv=VM code, C=native code)
V  [jvm.dll+0x63c21a]
V  [jvm.dll+0x7797df]
V  [jvm.dll+0x77adca]
V  [jvm.dll+0x77b3e5]
V  [jvm.dll+0x77b39b]
V  [jvm.dll+0x63b916]
V  [jvm.dll+0x63bce8]
C  [ntdll.dll+0xa11ff]
C  [ntdll.dll+0x6a289]
C  [ntdll.dll+0x9fe6e]
C  0x0000018510170bad

VM_Operation (0x00000055fbcfdfe0): CollectForMetadataAllocation, mode: safepoint, requested by thread 0x0000018523bc4800


---------------  P R O C E S S  ---------------

Threads class SMR info:
_java_thread_list=0x0000018525b3e9b0, length=12, elements={
0x0000018507e4b000, 0x0000018523b56800, 0x0000018523b60000, 0x0000018523bba000,
0x0000018523bbb000, 0x0000018523bbe000, 0x0000018523bc4800, 0x0000018523bc6800,
0x000001852464c800, 0x00000185247fd800, 0x0000018524810000, 0x00000185259f9800
}

Java Threads: ( => current thread )
  0x0000018507e4b000 JavaThread "main" [_thread_blocked, id=436, stack(0x00000055faf00000,0x00000055fb000000)]
  0x0000018523b56800 JavaThread "Reference Handler" daemon [_thread_blocked, id=12300, stack(0x00000055fb700000,0x00000055fb800000)]
  0x0000018523b60000 JavaThread "Finalizer" daemon [_thread_blocked, id=9668, stack(0x00000055fb800000,0x00000055fb900000)]
  0x0000018523bba000 JavaThread "Signal Dispatcher" daemon [_thread_blocked, id=11176, stack(0x00000055fb900000,0x00000055fba00000)]
  0x0000018523bbb000 JavaThread "Attach Listener" daemon [_thread_blocked, id=13344, stack(0x00000055fba00000,0x00000055fbb00000)]
  0x0000018523bbe000 JavaThread "C2 CompilerThread0" daemon [_thread_blocked, id=13224, stack(0x00000055fbb00000,0x00000055fbc00000)]
  0x0000018523bc4800 JavaThread "C1 CompilerThread0" daemon [_thread_blocked, id=8304, stack(0x00000055fbc00000,0x00000055fbd00000)]
  0x0000018523bc6800 JavaThread "Sweeper thread" daemon [_thread_blocked, id=7880, stack(0x00000055fbd00000,0x00000055fbe00000)]
  0x000001852464c800 JavaThread "Common-Cleaner" daemon [_thread_blocked, id=13988, stack(0x00000055fbe00000,0x00000055fbf00000)]
  0x00000185247fd800 JavaThread "Monitor Ctrl-Break" daemon [_thread_in_native, id=14384, stack(0x00000055fbf00000,0x00000055fc000000)]
  0x0000018524810000 JavaThread "Service Thread" daemon [_thread_blocked, id=14816, stack(0x00000055fc000000,0x00000055fc100000)]
  0x00000185259f9800 JavaThread "C2 CompilerThread1" daemon [_thread_blocked, id=14388, stack(0x00000055fc300000,0x00000055fc400000)]

Other Threads:
=>0x0000018523b52800 VMThread "VM Thread" [stack: 0x00000055fb600000,0x00000055fb700000] [id=12580]
  0x0000018524815000 WatcherThread [stack: 0x00000055fc100000,0x00000055fc200000] [id=9032]
  0x0000018507e61000 GCTaskThread "GC Thread#0" [stack: 0x00000055fb100000,0x00000055fb200000] [id=12844]
  0x0000018524d54000 GCTaskThread "GC Thread#1" [stack: 0x00000055fc200000,0x00000055fc300000] [id=14596]
  0x0000018507e7c800 ConcurrentGCThread "G1 Main Marker" [stack: 0x00000055fb200000,0x00000055fb300000] [id=14632]
  0x0000018507e7e000 ConcurrentGCThread "G1 Conc#0" [stack: 0x00000055fb300000,0x00000055fb400000] [id=2536]
  0x0000018507ed6000 ConcurrentGCThread "G1 Refine#0" [stack: 0x00000055fb400000,0x00000055fb500000] [id=6788]
  0x0000018507ed7000 ConcurrentGCThread "G1 Young RemSet Sampling" [stack: 0x00000055fb500000,0x00000055fb600000] [id=14416]

Threads with active compile tasks:
C2 CompilerThread02636   !   4       org.apache.maven.model.interpolation.StringSearchModelInterpolator$InterpolateObjectAction$ListField::doInterpolate (139 bytes)
C1 CompilerThread02653       3       java.util.Properties::entrySet (19 bytes)
C2 CompilerThread12631       4       org.codehaus.plexus.util.xml.Xpp3Dom::<init> (131 bytes)

VM state:at safepoint (normal execution)

VM Mutex/Monitor currently owned by a thread:  ([mutex/lock_event])
[0x0000018507e459b0] Threads_lock - owner thread: 0x0000018523b52800
[0x0000018507e46cd0] Heap_lock - owner thread: 0x0000018523bc4800
[0x0000018507e46610] MethodData_lock - owner thread: 0x0000018523bc4800

Heap address: 0x00000000c1800000, size: 1000 MB, Compressed Oops mode: 32-bit
Narrow klass base: 0x0000000000000000, Narrow klass shift: 3
Compressed class space size: 1073741824 Address: 0x0000000100000000

Heap:
 garbage-first heap   total 78848K, used 8052K [0x00000000c1800000, 0x0000000100000000)
  region size 1024K, 3 young (3072K), 3 survivors (3072K)
 Metaspace       used 20847K, capacity 21161K, committed 21296K, reserved 1069056K
  class space    used 2230K, capacity 2355K, committed 2432K, reserved 1048576K
Heap Regions: E=young(eden), S=young(survivor), O=old, HS=humongous(starts), HC=humongous(continues), CS=collection set, F=free, A=archive, TAMS=top-at-mark-start (previous, next)
|   0|0x00000000c1800000, 0x00000000c1900000, 0x00000000c1900000|100%| O|  |TAMS 0x00000000c1800000, 0x00000000c1900000| Untracked 
|   1|0x00000000c1900000, 0x00000000c1a00000, 0x00000000c1a00000|100%| O|  |TAMS 0x00000000c1900000, 0x00000000c1a00000| Untracked 
|   2|0x00000000c1a00000, 0x00000000c1b00000, 0x00000000c1b00000|100%| O|  |TAMS 0x00000000c1a00000, 0x00000000c1b00000| Untracked 
|   3|0x00000000c1b00000, 0x00000000c1c00000, 0x00000000c1c00000|100%| O|  |TAMS 0x00000000c1b00000, 0x00000000c1c00000| Untracked 
|   4|0x00000000c1c00000, 0x00000000c1d00000, 0x00000000c1d00000|100%| O|  |TAMS 0x00000000c1c00000, 0x00000000c1d00000| Untracked 
|   5|0x00000000c1d00000, 0x00000000c1d2ec00, 0x00000000c1e00000| 18%| O|  |TAMS 0x00000000c1d00000, 0x00000000c1d2ec00| Untracked 
|   6|0x00000000c1e00000, 0x00000000c1e00000, 0x00000000c1f00000|  0%| F|  |TAMS 0x00000000c1e00000, 0x00000000c1e00000| Untracked 
|   7|0x00000000c1f00000, 0x00000000c1f00000, 0x00000000c2000000|  0%| F|  |TAMS 0x00000000c1f00000, 0x00000000c1f00000| Untracked 
|   8|0x00000000c2000000, 0x00000000c2000000, 0x00000000c2100000|  0%| F|  |TAMS 0x00000000c2000000, 0x00000000c2000000| Untracked 
|   9|0x00000000c2100000, 0x00000000c2100000, 0x00000000c2200000|  0%| F|  |TAMS 0x00000000c2100000, 0x00000000c2100000| Untracked 
|  10|0x00000000c2200000, 0x00000000c2200000, 0x00000000c2300000|  0%| F|  |TAMS 0x00000000c2200000, 0x00000000c2200000| Untracked 
|  11|0x00000000c2300000, 0x00000000c2300000, 0x00000000c2400000|  0%| F|  |TAMS 0x00000000c2300000, 0x00000000c2300000| Untracked 
|  12|0x00000000c2400000, 0x00000000c2400000, 0x00000000c2500000|  0%| F|  |TAMS 0x00000000c2400000, 0x00000000c2400000| Untracked 
|  13|0x00000000c2500000, 0x00000000c2500000, 0x00000000c2600000|  0%| F|  |TAMS 0x00000000c2500000, 0x00000000c2500000| Untracked 
|  14|0x00000000c2600000, 0x00000000c2600000, 0x00000000c2700000|  0%| F|  |TAMS 0x00000000c2600000, 0x00000000c2600000| Untracked 
|  15|0x00000000c2700000, 0x00000000c2700000, 0x00000000c2800000|  0%| F|  |TAMS 0x00000000c2700000, 0x00000000c2700000| Untracked 
|  16|0x00000000c2800000, 0x00000000c2800000, 0x00000000c2900000|  0%| F|  |TAMS 0x00000000c2800000, 0x00000000c2800000| Untracked 
|  17|0x00000000c2900000, 0x00000000c2900000, 0x00000000c2a00000|  0%| F|  |TAMS 0x00000000c2900000, 0x00000000c2900000| Untracked 
|  18|0x00000000c2a00000, 0x00000000c2a00000, 0x00000000c2b00000|  0%| F|  |TAMS 0x00000000c2a00000, 0x00000000c2a00000| Untracked 
|  19|0x00000000c2b00000, 0x00000000c2b00000, 0x00000000c2c00000|  0%| F|  |TAMS 0x00000000c2b00000, 0x00000000c2b00000| Untracked 
|  20|0x00000000c2c00000, 0x00000000c2c00000, 0x00000000c2d00000|  0%| F|  |TAMS 0x00000000c2c00000, 0x00000000c2c00000| Untracked 
|  21|0x00000000c2d00000, 0x00000000c2d00000, 0x00000000c2e00000|  0%| F|  |TAMS 0x00000000c2d00000, 0x00000000c2d00000| Untracked 
|  22|0x00000000c2e00000, 0x00000000c2e00000, 0x00000000c2f00000|  0%| F|  |TAMS 0x00000000c2e00000, 0x00000000c2e00000| Untracked 
|  23|0x00000000c2f00000, 0x00000000c2f00000, 0x00000000c3000000|  0%| F|  |TAMS 0x00000000c2f00000, 0x00000000c2f00000| Untracked 
|  24|0x00000000c3000000, 0x00000000c3000000, 0x00000000c3100000|  0%| F|  |TAMS 0x00000000c3000000, 0x00000000c3000000| Untracked 
|  25|0x00000000c3100000, 0x00000000c3100000, 0x00000000c3200000|  0%| F|  |TAMS 0x00000000c3100000, 0x00000000c3100000| Untracked 
|  26|0x00000000c3200000, 0x00000000c3200000, 0x00000000c3300000|  0%| F|  |TAMS 0x00000000c3200000, 0x00000000c3200000| Untracked 
|  27|0x00000000c3300000, 0x00000000c3300000, 0x00000000c3400000|  0%| F|  |TAMS 0x00000000c3300000, 0x00000000c3300000| Untracked 
|  28|0x00000000c3400000, 0x00000000c3400000, 0x00000000c3500000|  0%| F|  |TAMS 0x00000000c3400000, 0x00000000c3400000| Untracked 
|  29|0x00000000c3500000, 0x00000000c3500000, 0x00000000c3600000|  0%| F|  |TAMS 0x00000000c3500000, 0x00000000c3500000| Untracked 
|  30|0x00000000c3600000, 0x00000000c3600000, 0x00000000c3700000|  0%| F|  |TAMS 0x00000000c3600000, 0x00000000c3600000| Untracked 
|  31|0x00000000c3700000, 0x00000000c3700000, 0x00000000c3800000|  0%| F|  |TAMS 0x00000000c3700000, 0x00000000c3700000| Untracked 
|  32|0x00000000c3800000, 0x00000000c3800000, 0x00000000c3900000|  0%| F|  |TAMS 0x00000000c3800000, 0x00000000c3800000| Untracked 
|  33|0x00000000c3900000, 0x00000000c3900000, 0x00000000c3a00000|  0%| F|  |TAMS 0x00000000c3900000, 0x00000000c3900000| Untracked 
|  34|0x00000000c3a00000, 0x00000000c3a00000, 0x00000000c3b00000|  0%| F|  |TAMS 0x00000000c3a00000, 0x00000000c3a00000| Untracked 
|  35|0x00000000c3b00000, 0x00000000c3b00000, 0x00000000c3c00000|  0%| F|  |TAMS 0x00000000c3b00000, 0x00000000c3b00000| Untracked 
|  36|0x00000000c3c00000, 0x00000000c3c00000, 0x00000000c3d00000|  0%| F|  |TAMS 0x00000000c3c00000, 0x00000000c3c00000| Untracked 
|  37|0x00000000c3d00000, 0x00000000c3d00000, 0x00000000c3e00000|  0%| F|  |TAMS 0x00000000c3d00000, 0x00000000c3d00000| Untracked 
|  38|0x00000000c3e00000, 0x00000000c3e00000, 0x00000000c3f00000|  0%| F|  |TAMS 0x00000000c3e00000, 0x00000000c3e00000| Untracked 
|  39|0x00000000c3f00000, 0x00000000c3f00000, 0x00000000c4000000|  0%| F|  |TAMS 0x00000000c3f00000, 0x00000000c3f00000| Untracked 
|  40|0x00000000c4000000, 0x00000000c4000000, 0x00000000c4100000|  0%| F|  |TAMS 0x00000000c4000000, 0x00000000c4000000| Untracked 
|  41|0x00000000c4100000, 0x00000000c4100000, 0x00000000c4200000|  0%| F|  |TAMS 0x00000000c4100000, 0x00000000c4100000| Untracked 
|  42|0x00000000c4200000, 0x00000000c4200000, 0x00000000c4300000|  0%| F|  |TAMS 0x00000000c4200000, 0x00000000c4200000| Untracked 
|  43|0x00000000c4300000, 0x00000000c4300000, 0x00000000c4400000|  0%| F|  |TAMS 0x00000000c4300000, 0x00000000c4300000| Untracked 
|  44|0x00000000c4400000, 0x00000000c4400000, 0x00000000c4500000|  0%| F|  |TAMS 0x00000000c4400000, 0x00000000c4400000| Untracked 
|  45|0x00000000c4500000, 0x00000000c4500000, 0x00000000c4600000|  0%| F|  |TAMS 0x00000000c4500000, 0x00000000c4500000| Untracked 
|  46|0x00000000c4600000, 0x00000000c4600000, 0x00000000c4700000|  0%| F|  |TAMS 0x00000000c4600000, 0x00000000c4600000| Untracked 
|  47|0x00000000c4700000, 0x00000000c4700000, 0x00000000c4800000|  0%| F|  |TAMS 0x00000000c4700000, 0x00000000c4700000| Untracked 
|  48|0x00000000c4800000, 0x00000000c4800000, 0x00000000c4900000|  0%| F|  |TAMS 0x00000000c4800000, 0x00000000c4800000| Untracked 
|  49|0x00000000c4900000, 0x00000000c4900000, 0x00000000c4a00000|  0%| F|  |TAMS 0x00000000c4900000, 0x00000000c4900000| Untracked 
|  50|0x00000000c4a00000, 0x00000000c4a00000, 0x00000000c4b00000|  0%| F|  |TAMS 0x00000000c4a00000, 0x00000000c4a00000| Untracked 
|  51|0x00000000c4b00000, 0x00000000c4b00000, 0x00000000c4c00000|  0%| F|  |TAMS 0x00000000c4b00000, 0x00000000c4b00000| Untracked 
|  52|0x00000000c4c00000, 0x00000000c4c00000, 0x00000000c4d00000|  0%| F|  |TAMS 0x00000000c4c00000, 0x00000000c4c00000| Untracked 
|  53|0x00000000c4d00000, 0x00000000c4d00000, 0x00000000c4e00000|  0%| F|  |TAMS 0x00000000c4d00000, 0x00000000c4d00000| Untracked 
|  54|0x00000000c4e00000, 0x00000000c4e00000, 0x00000000c4f00000|  0%| F|  |TAMS 0x00000000c4e00000, 0x00000000c4e00000| Untracked 
|  55|0x00000000c4f00000, 0x00000000c4f00000, 0x00000000c5000000|  0%| F|  |TAMS 0x00000000c4f00000, 0x00000000c4f00000| Untracked 
|  56|0x00000000c5000000, 0x00000000c50ae6f0, 0x00000000c5100000| 68%| S|CS|TAMS 0x00000000c5000000, 0x00000000c5000000| Complete 
|  57|0x00000000c5100000, 0x00000000c5200000, 0x00000000c5200000|100%| S|CS|TAMS 0x00000000c5100000, 0x00000000c5100000| Complete 
|  58|0x00000000c5200000, 0x00000000c5300000, 0x00000000c5300000|100%| S|CS|TAMS 0x00000000c5200000, 0x00000000c5200000| Complete 
|  59|0x00000000c5300000, 0x00000000c5300000, 0x00000000c5400000|  0%| F|  |TAMS 0x00000000c5300000, 0x00000000c5300000| Untracked 
|  60|0x00000000c5400000, 0x00000000c5400000, 0x00000000c5500000|  0%| F|  |TAMS 0x00000000c5400000, 0x00000000c5400000| Untracked 
|  61|0x00000000c5500000, 0x00000000c5500000, 0x00000000c5600000|  0%| F|  |TAMS 0x00000000c5500000, 0x00000000c5500000| Untracked 
|  62|0x00000000c5600000, 0x00000000c5600000, 0x00000000c5700000|  0%| F|  |TAMS 0x00000000c5600000, 0x00000000c5600000| Untracked 
|  63|0x00000000c5700000, 0x00000000c5700000, 0x00000000c5800000|  0%| F|  |TAMS 0x00000000c5700000, 0x00000000c5700000| Untracked 

Card table byte_map: [0x000001851f370000,0x000001851f570000] _byte_map_base: 0x000001851ed64000

Marking Bits (Prev, Next): (CMBitMap*) 0x0000018507e780c8, (CMBitMap*) 0x0000018507e78100
 Prev Bits: [0x000001851f770000, 0x0000018520710000)
 Next Bits: [0x0000018520710000, 0x00000185216b0000)

Polling page: 0x0000018505e40000

Metaspace:

Usage:
  Non-class:     18.37 MB capacity,    18.18 MB ( 99%) used,   164.45 KB ( <1%) free+waste,    24.13 KB ( <1%) overhead. 
      Class:      2.30 MB capacity,     2.18 MB ( 95%) used,   114.82 KB (  5%) free+waste,     9.75 KB ( <1%) overhead. 
       Both:     20.67 MB capacity,    20.36 MB ( 99%) used,   279.27 KB (  1%) free+waste,    33.88 KB ( <1%) overhead. 

Virtual space:
  Non-class space:       20.00 MB reserved,      18.42 MB ( 92%) committed 
      Class space:        1.00 GB reserved,       2.38 MB ( <1%) committed 
             Both:        1.02 GB reserved,      20.80 MB (  2%) committed 

Chunk freelists:
   Non-Class:  1.25 KB
       Class:  1.63 KB
        Both:  2.88 KB

CodeHeap 'non-profiled nmethods': size=120064Kb used=1135Kb max_used=1135Kb free=118928Kb
 bounds [0x0000018517c30000, 0x0000018517ea0000, 0x000001851f170000]
CodeHeap 'profiled nmethods': size=120000Kb used=5588Kb max_used=5588Kb free=114411Kb
 bounds [0x0000018510700000, 0x0000018510c80000, 0x0000018517c30000]
CodeHeap 'non-nmethods': size=5696Kb used=1105Kb max_used=1140Kb free=4591Kb
 bounds [0x0000018510170000, 0x00000185103e0000, 0x0000018510700000]
 total_blobs=3651 nmethods=2635 adapters=327
 compilation: enabled
              stopped_count=0, restarted_count=0
 full_count=0

Compilation events (10 events):
Event: 2.971 Thread 0x0000018523bc4800 nmethod 2648 0x0000018517d4b010 code [0x0000018517d4b1c0, 0x0000018517d4b2d8]
Event: 2.972 Thread 0x0000018523bc4800 2649       1       org.apache.maven.model.building.ModelData::setGroupId (6 bytes)
Event: 2.972 Thread 0x0000018523bc4800 nmethod 2649 0x0000018517d4b390 code [0x0000018517d4b540, 0x0000018517d4b698]
Event: 2.972 Thread 0x0000018523bc4800 2650       1       org.apache.maven.model.building.ModelData::setVersion (6 bytes)
Event: 2.973 Thread 0x0000018523bc4800 nmethod 2650 0x0000018517d4b710 code [0x0000018517d4b8c0, 0x0000018517d4ba18]
Event: 2.973 Thread 0x0000018523bc4800 2651       1       org.apache.maven.model.building.ModelData::setArtifactId (6 bytes)
Event: 2.973 Thread 0x0000018523bc4800 nmethod 2651 0x0000018517d4ba90 code [0x0000018517d4bc40, 0x0000018517d4bd98]
Event: 2.973 Thread 0x0000018523bc4800 2652       3       java.util.Collections$SynchronizedCollection::<init> (24 bytes)
Event: 2.974 Thread 0x0000018523bc4800 nmethod 2652 0x0000018510c74d90 code [0x0000018510c74fa0, 0x0000018510c755c0]
Event: 2.974 Thread 0x0000018523bc4800 2653       3       java.util.Properties::entrySet (19 bytes)

GC Heap History (9 events):
Event: 0.666 GC heap before
{Heap before GC invocations=0 (full 0):
 garbage-first heap   total 65536K, used 13312K [0x00000000c1800000, 0x0000000100000000)
  region size 1024K, 14 young (14336K), 0 survivors (0K)
 Metaspace       used 11223K, capacity 11494K, committed 11776K, reserved 1060864K
  class space    used 1107K, capacity 1193K, committed 1280K, reserved 1048576K
}
Event: 0.673 GC heap after
{Heap after GC invocations=1 (full 0):
 garbage-first heap   total 65536K, used 3020K [0x00000000c1800000, 0x0000000100000000)
  region size 1024K, 2 young (2048K), 2 survivors (2048K)
 Metaspace       used 11223K, capacity 11494K, committed 11776K, reserved 1060864K
  class space    used 1107K, capacity 1193K, committed 1280K, reserved 1048576K
}
Event: 0.987 GC heap before
{Heap before GC invocations=1 (full 0):
 garbage-first heap   total 65536K, used 18380K [0x00000000c1800000, 0x0000000100000000)
  region size 1024K, 17 young (17408K), 2 survivors (2048K)
 Metaspace       used 12978K, capacity 13263K, committed 13568K, reserved 1060864K
  class space    used 1350K, capacity 1420K, committed 1536K, reserved 1048576K
}
Event: 0.992 GC heap after
{Heap after GC invocations=2 (full 0):
 garbage-first heap   total 65536K, used 3691K [0x00000000c1800000, 0x0000000100000000)
  region size 1024K, 1 young (1024K), 1 survivors (1024K)
 Metaspace       used 12978K, capacity 13263K, committed 13568K, reserved 1060864K
  class space    used 1350K, capacity 1420K, committed 1536K, reserved 1048576K
}
Event: 1.635 GC heap before
{Heap before GC invocations=2 (full 0):
 garbage-first heap   total 65536K, used 27243K [0x00000000c1800000, 0x0000000100000000)
  region size 1024K, 24 young (24576K), 1 survivors (1024K)
 Metaspace       used 17185K, capacity 17515K, committed 17664K, reserved 1064960K
  class space    used 1875K, capacity 1982K, committed 2048K, reserved 1048576K
}
Event: 1.641 GC heap after
{Heap after GC invocations=3 (full 0):
 garbage-first heap   total 65536K, used 5175K [0x00000000c1800000, 0x0000000100000000)
  region size 1024K, 3 young (3072K), 3 survivors (3072K)
 Metaspace       used 17185K, capacity 17515K, committed 17664K, reserved 1064960K
  class space    used 1875K, capacity 1982K, committed 2048K, reserved 1048576K
}
Event: 2.824 GC heap before
{Heap before GC invocations=3 (full 0):
 garbage-first heap   total 65536K, used 33847K [0x00000000c1800000, 0x0000000100000000)
  region size 1024K, 31 young (31744K), 3 survivors (3072K)
 Metaspace       used 20784K, capacity 21161K, committed 21296K, reserved 1069056K
  class space    used 2230K, capacity 2355K, committed 2432K, reserved 1048576K
}
Event: 2.841 GC heap after
{Heap after GC invocations=4 (full 0):
 garbage-first heap   total 65536K, used 7438K [0x00000000c1800000, 0x0000000100000000)
  region size 1024K, 4 young (4096K), 4 survivors (4096K)
 Metaspace       used 20784K, capacity 21161K, committed 21296K, reserved 1069056K
  class space    used 2230K, capacity 2355K, committed 2432K, reserved 1048576K
}
Event: 2.974 GC heap before
{Heap before GC invocations=4 (full 0):
 garbage-first heap   total 65536K, used 11534K [0x00000000c1800000, 0x0000000100000000)
  region size 1024K, 9 young (9216K), 4 survivors (4096K)
 Metaspace       used 20847K, capacity 21161K, committed 21296K, reserved 1069056K
  class space    used 2230K, capacity 2355K, committed 2432K, reserved 1048576K
}

Deoptimization events (10 events):
Event: 2.545 Thread 0x0000018507e4b000 Uncommon trap: reason=class_check action=maybe_recompile pc=0x0000018517d1288c method=java.nio.charset.CharsetDecoder.decode(Ljava/nio/ByteBuffer;Ljava/nio/CharBuffer;Z)Ljava/nio/charset/CoderResult; @ 57 c2
Event: 2.546 Thread 0x0000018507e4b000 Uncommon trap: reason=class_check action=maybe_recompile pc=0x0000018517c8bff8 method=java.nio.charset.CharsetDecoder.decode(Ljava/nio/ByteBuffer;Ljava/nio/CharBuffer;Z)Ljava/nio/charset/CoderResult; @ 57 c2
Event: 2.547 Thread 0x0000018507e4b000 Uncommon trap: reason=class_check action=maybe_recompile pc=0x0000018517d1288c method=java.nio.charset.CharsetDecoder.decode(Ljava/nio/ByteBuffer;Ljava/nio/CharBuffer;Z)Ljava/nio/charset/CoderResult; @ 57 c2
Event: 2.547 Thread 0x0000018507e4b000 Uncommon trap: reason=class_check action=maybe_recompile pc=0x0000018517c8bff8 method=java.nio.charset.CharsetDecoder.decode(Ljava/nio/ByteBuffer;Ljava/nio/CharBuffer;Z)Ljava/nio/charset/CoderResult; @ 57 c2
Event: 2.549 Thread 0x0000018507e4b000 Uncommon trap: reason=class_check action=maybe_recompile pc=0x0000018517d1288c method=java.nio.charset.CharsetDecoder.decode(Ljava/nio/ByteBuffer;Ljava/nio/CharBuffer;Z)Ljava/nio/charset/CoderResult; @ 57 c2
Event: 2.553 Thread 0x0000018507e4b000 Uncommon trap: reason=class_check action=maybe_recompile pc=0x0000018517cde0c8 method=java.nio.charset.CharsetDecoder.decode(Ljava/nio/ByteBuffer;Ljava/nio/CharBuffer;Z)Ljava/nio/charset/CoderResult; @ 57 c2
Event: 2.634 Thread 0x0000018507e4b000 Uncommon trap: reason=predicate action=maybe_recompile pc=0x0000018517d1d670 method=java.util.AbstractCollection.toArray([Ljava/lang/Object;)[Ljava/lang/Object; @ 43 c2
Event: 2.695 Thread 0x0000018507e4b000 Uncommon trap: reason=unstable_if action=reinterpret pc=0x0000018517d19b64 method=org.apache.maven.model.io.xpp3.MavenXpp3Reader.nextTag(Lorg/codehaus/plexus/util/xml/pull/XmlPullParser;)I @ 9 c2
Event: 2.709 Thread 0x0000018507e4b000 Uncommon trap: reason=unstable_if action=reinterpret pc=0x0000018517d1bc80 method=org.codehaus.plexus.util.xml.pull.MXParser.nextImpl()I @ 280 c2
Event: 2.741 Thread 0x0000018507e4b000 Uncommon trap: reason=array_check action=maybe_recompile pc=0x0000018517d25178 method=java.util.AbstractCollection.toArray([Ljava/lang/Object;)[Ljava/lang/Object; @ 116 c2

Classes redefined (0 events):
No events

Internal exceptions (6 events):
Event: 0.430 Thread 0x0000018507e4b000 Exception <a 'java/lang/NoSuchMethodError'{0x00000000c51efdb0}: java.lang.invoke.DirectMethodHandle$Holder.invokeSpecialIFC(Ljava/lang/Object;Ljava/lang/Object;I)I> (0x00000000c51efdb0) thrown at [t:/workspace/open/src/hotspot/share/interpreter/linkResolv
Event: 1.746 Thread 0x0000018507e4b000 Exception <a 'java/lang/NoClassDefFoundError'{0x00000000c546d598}: com/google/inject/servlet/ServletModuleTargetVisitor> (0x00000000c546d598) thrown at [t:/workspace/open/src/hotspot/share/classfile/systemDictionary.cpp, line 220]
Event: 1.746 Thread 0x0000018507e4b000 Exception <a 'java/lang/NoClassDefFoundError'{0x00000000c546d598}> (0x00000000c546d598) thrown at [t:/workspace/open/src/hotspot/share/prims/jvm.cpp, line 1312]
Event: 1.747 Thread 0x0000018507e4b000 Exception <a 'java/lang/NoClassDefFoundError'{0x00000000c54702e8}: javax/annotation/Priority> (0x00000000c54702e8) thrown at [t:/workspace/open/src/hotspot/share/classfile/systemDictionary.cpp, line 220]
Event: 1.871 Thread 0x0000018507e4b000 Exception <a 'java/lang/NoSuchMethodError'{0x00000000c524fae0}: java.lang.invoke.DirectMethodHandle$Holder.invokeStaticInit(Ljava/lang/Object;IIII)Ljava/lang/Object;> (0x00000000c524fae0) thrown at [t:/workspace/open/src/hotspot/share/interpreter/linkReso
Event: 2.250 Thread 0x0000018507e4b000 Implicit null exception at 0x0000018517cc2d75 to 0x0000018517cc2f42

Events (10 events):
Event: 2.741 Thread 0x0000018507e4b000 Uncommon trap: trap_request=0xffffffd6 fr.pc=0x0000018517d25178 relative=0x00000000000008d8
Event: 2.741 Thread 0x0000018507e4b000 DEOPT PACKING pc=0x0000018517d25178 sp=0x00000055faffccf0
Event: 2.741 Thread 0x0000018507e4b000 DEOPT UNPACKING pc=0x0000018510198f2f sp=0x00000055faffcc30 mode 2
Event: 2.824 Executing VM operation: G1CollectForAllocation
Event: 2.841 Executing VM operation: G1CollectForAllocation done
Event: 2.841 Executing VM operation: RevokeBias
Event: 2.841 Executing VM operation: RevokeBias done
Event: 2.841 Executing VM operation: RevokeBias
Event: 2.842 Executing VM operation: RevokeBias done
Event: 2.974 Executing VM operation: CollectForMetadataAllocation


Dynamic libraries:
0x00007ff7c1b50000 - 0x00007ff7c1b97000 	E:\Program Files\Java\jdk-11.0.1\bin\java.exe
0x00007ffe86da0000 - 0x00007ffe86f90000 	C:\WINDOWS\SYSTEM32\ntdll.dll
0x00007ffe85460000 - 0x00007ffe85512000 	C:\WINDOWS\System32\KERNEL32.DLL
0x00007ffe84910000 - 0x00007ffe84bb3000 	C:\WINDOWS\System32\KERNELBASE.dll
0x00007ffe85520000 - 0x00007ffe855c3000 	C:\WINDOWS\System32\ADVAPI32.dll
0x00007ffe86180000 - 0x00007ffe8621e000 	C:\WINDOWS\System32\msvcrt.dll
0x00007ffe853c0000 - 0x00007ffe85457000 	C:\WINDOWS\System32\sechost.dll
0x00007ffe85730000 - 0x00007ffe85850000 	C:\WINDOWS\System32\RPCRT4.dll
0x00007ffe86440000 - 0x00007ffe865d4000 	C:\WINDOWS\System32\USER32.dll
0x00007ffe83fc0000 - 0x00007ffe83fe1000 	C:\WINDOWS\System32\win32u.dll
0x00007ffe86220000 - 0x00007ffe86246000 	C:\WINDOWS\System32\GDI32.dll
0x00007ffe84770000 - 0x00007ffe84904000 	C:\WINDOWS\System32\gdi32full.dll
0x00007ffe84db0000 - 0x00007ffe84e4e000 	C:\WINDOWS\System32\msvcp_win.dll
0x00007ffe84c40000 - 0x00007ffe84d3a000 	C:\WINDOWS\System32\ucrtbase.dll
0x00007ffe83180000 - 0x00007ffe83405000 	C:\WINDOWS\WinSxS\amd64_microsoft.windows.common-controls_6595b64144ccf1df_6.0.18362.535_none_e6c3b34713100821\COMCTL32.dll
0x00007ffe84ed0000 - 0x00007ffe85206000 	C:\WINDOWS\System32\combase.dll
0x00007ffe7e940000 - 0x00007ffe7e94a000 	C:\WINDOWS\SYSTEM32\VERSION.dll
0x00007ffe84bc0000 - 0x00007ffe84c40000 	C:\WINDOWS\System32\bcryptPrimitives.dll
0x00007ffe86810000 - 0x00007ffe8683e000 	C:\WINDOWS\System32\IMM32.DLL
0x00007ffe492b0000 - 0x00007ffe492c6000 	E:\Program Files\Java\jdk-11.0.1\bin\vcruntime140.dll
0x00007ffe39650000 - 0x00007ffe396fa000 	E:\Program Files\Java\jdk-11.0.1\bin\msvcp140.dll
0x00007ffe22880000 - 0x00007ffe233c2000 	E:\Program Files\Java\jdk-11.0.1\bin\server\jvm.dll
0x00007ffe86040000 - 0x00007ffe86048000 	C:\WINDOWS\System32\PSAPI.DLL
0x00007ffe6bf20000 - 0x00007ffe6bf29000 	C:\WINDOWS\SYSTEM32\WSOCK32.dll
0x00007ffe86250000 - 0x00007ffe862bf000 	C:\WINDOWS\System32\WS2_32.dll
0x00007ffe7e4f0000 - 0x00007ffe7e514000 	C:\WINDOWS\SYSTEM32\WINMM.dll
0x00007ffe7e4c0000 - 0x00007ffe7e4ed000 	C:\WINDOWS\SYSTEM32\WINMMBASE.dll
0x00007ffe84d40000 - 0x00007ffe84d8a000 	C:\WINDOWS\System32\cfgmgr32.dll
0x00007ffe83c80000 - 0x00007ffe83c91000 	C:\WINDOWS\System32\kernel.appcore.dll
0x00007ffe49140000 - 0x00007ffe49151000 	E:\Program Files\Java\jdk-11.0.1\bin\verify.dll
0x00007ffe83790000 - 0x00007ffe83984000 	C:\WINDOWS\SYSTEM32\DBGHELP.DLL
0x00007ffe836a0000 - 0x00007ffe836ca000 	C:\WINDOWS\SYSTEM32\dbgcore.DLL
0x00007ffe450d0000 - 0x00007ffe450f9000 	E:\Program Files\Java\jdk-11.0.1\bin\java.dll
0x00007ffe44050000 - 0x00007ffe4407f000 	E:\Program Files\Java\jdk-11.0.1\bin\instrument.dll
0x00007ffe478a0000 - 0x00007ffe478b6000 	E:\Program Files\Java\jdk-11.0.1\bin\zip.dll
0x00007ffe7a930000 - 0x00007ffe7a93a000 	E:\Program Files\Java\jdk-11.0.1\bin\jimage.dll
0x00007ffe85940000 - 0x00007ffe86025000 	C:\WINDOWS\System32\SHELL32.dll
0x00007ffe86390000 - 0x00007ffe86439000 	C:\WINDOWS\System32\shcore.dll
0x00007ffe83ff0000 - 0x00007ffe8476f000 	C:\WINDOWS\System32\windows.storage.dll
0x00007ffe83d10000 - 0x00007ffe83d2f000 	C:\WINDOWS\System32\profapi.dll
0x00007ffe83ca0000 - 0x00007ffe83cea000 	C:\WINDOWS\System32\powrprof.dll
0x00007ffe83c70000 - 0x00007ffe83c80000 	C:\WINDOWS\System32\UMPDC.dll
0x00007ffe860c0000 - 0x00007ffe86112000 	C:\WINDOWS\System32\shlwapi.dll
0x00007ffe84d90000 - 0x00007ffe84da7000 	C:\WINDOWS\System32\cryptsp.dll
0x00007ffe475e0000 - 0x00007ffe475f9000 	E:\Program Files\Java\jdk-11.0.1\bin\net.dll
0x00007ffe713c0000 - 0x00007ffe714b0000 	C:\WINDOWS\SYSTEM32\WINHTTP.dll
0x00007ffe82e00000 - 0x00007ffe82e67000 	C:\WINDOWS\system32\mswsock.dll
0x00007ffe450b0000 - 0x00007ffe450c3000 	E:\Program Files\Java\jdk-11.0.1\bin\nio.dll
0x00007ffe447c0000 - 0x00007ffe447da000 	E:\Program Files\JetBrains\IntelliJ IDEA 2019.1.1\bin\breakgen64.dll

dbghelp: loaded successfully - version: 4.0.5 - missing functions: none
symbol engine: initialized successfully - sym options: 0x614 - pdb path: .;E:\Program Files\Java\jdk-11.0.1\bin;C:\WINDOWS\SYSTEM32;C:\WINDOWS\WinSxS\amd64_microsoft.windows.common-controls_6595b64144ccf1df_6.0.18362.535_none_e6c3b34713100821;E:\Program Files\Java\jdk-11.0.1\bin\server;E:\Program Files\JetBrains\IntelliJ IDEA 2019.1.1\bin

VM Arguments:
jvm_args: -Dmaven.multiModuleProjectDirectory=E:\Documents -Dmaven.home=E:\Program Files\JetBrains\IntelliJ IDEA 2019.1.1\plugins\maven\lib\maven3 -Dclassworlds.conf=E:\Program Files\JetBrains\IntelliJ IDEA 2019.1.1\plugins\maven\lib\maven3\bin\m2.conf -javaagent:E:\Program Files\JetBrains\IntelliJ IDEA 2019.1.1\lib\idea_rt.jar=55540:E:\Program Files\JetBrains\IntelliJ IDEA 2019.1.1\bin -Dfile.encoding=UTF-8 
java_command: org.codehaus.classworlds.Launcher -Didea.version2019.1.1 install
java_class_path (initial): E:\Program Files\JetBrains\IntelliJ IDEA 2019.1.1\plugins\maven\lib\maven3\boot\plexus-classworlds-2.5.2.jar
Launcher Type: SUN_STANDARD

[Global flags]
     intx CICompilerCount                          = 3                                         {product} {ergonomic}
     uint ConcGCThreads                            = 1                                         {product} {ergonomic}
     uint G1ConcRefinementThreads                  = 4                                         {product} {ergonomic}
   size_t G1HeapRegionSize                         = 1048576                                   {product} {ergonomic}
    uintx GCDrainStackTargetSize                   = 64                                        {product} {ergonomic}
   size_t InitialHeapSize                          = 67108864                                  {product} {ergonomic}
   size_t MarkStackSize                            = 4194304                                   {product} {ergonomic}
   size_t MaxHeapSize                              = 1048576000                                {product} {ergonomic}
   size_t MaxNewSize                               = 629145600                                 {product} {ergonomic}
   size_t MinHeapDeltaBytes                        = 1048576                                   {product} {ergonomic}
    uintx NonNMethodCodeHeapSize                   = 5830092                                {pd product} {ergonomic}
    uintx NonProfiledCodeHeapSize                  = 122914074                              {pd product} {ergonomic}
    uintx ProfiledCodeHeapSize                     = 122914074                              {pd product} {ergonomic}
    uintx ReservedCodeCacheSize                    = 251658240                              {pd product} {ergonomic}
     bool SegmentedCodeCache                       = true                                      {product} {ergonomic}
     bool UseCompressedClassPointers               = true                                 {lp64_product} {ergonomic}
     bool UseCompressedOops                        = true                                 {lp64_product} {ergonomic}
     bool UseG1GC                                  = true                                      {product} {ergonomic}
     bool UseLargePagesIndividualAllocation        = false                                  {pd product} {ergonomic}

Logging:
Log output configuration:
 #0: stdout all=warning uptime,level,tags
 #1: stderr all=off uptime,level,tags

Environment Variables:
JAVA_HOME=E:\Program Files\Java\jdk-11.0.1
PATH=C:\app\julia-god\product\18.0.0\dbhomeXE\bin;C:\Python27\;C:\Python27\Scripts;C:\WINDOWS\system32;C:\WINDOWS;C:\WINDOWS\System32\Wbem;C:\WINDOWS\System32\WindowsPowerShell\v1.0\;C:\WINDOWS\System32\OpenSSH\;C:\Program Files (x86)\doxygen\bin;C:\Program Files\Microsoft SQL Server\110\Tools\Binn\;C:\Program Files\Microsoft SQL Server\120\Tools\Binn\;E:\Program Files\PostgreSQL\11\bin;C:\Program Files\Microsoft SQL Server\Client SDK\ODBC\130\Tools\Binn\;C:\Program Files (x86)\Microsoft SQL Server\140\Tools\Binn\;C:\Program Files\Microsoft SQL Server\140\Tools\Binn\;C:\Program Files\Microsoft SQL Server\140\DTS\Binn\;E:\Program Files\git Shell\Git\bin;E:\Program Files\JetBrains\IntelliJ IDEA 2019.1.1\plugins\maven\lib\maven3\bin;E:\Program Files\Java\jdk-11.0.1\bin;C:\Program Files\nodejs\;C:\Program Files\Git\cmd;E:\Program Files\pgmodeler;E:\Program Files\Docker Toolbox;C:\Users\julia\AppData\Local\Microsoft\WindowsApps;C:\Users\julia\AppData\Local\atom\bin;C:\Users\julia\AppData\Local\GitHubDesktop\bin;C:\Users\julia\AppData\Roaming\npm;%USERPROFILE%\AppData\Local\Microsoft\WindowsApps;
USERNAME=julia
OS=Windows_NT
PROCESSOR_IDENTIFIER=Intel64 Family 6 Model 78 Stepping 3, GenuineIntel



---------------  S Y S T E M  ---------------

OS: Windows 10 , 64 bit Build 18362 (10.0.18362.329)

CPU:total 4 (initial active 4) (2 cores per cpu, 2 threads per core) family 6 model 78 stepping 3, cmov, cx8, fxsr, mmx, sse, sse2, sse3, ssse3, sse4.1, sse4.2, popcnt, avx, avx2, aes, clmul, erms, 3dnowpref, lzcnt, ht, tsc, tscinvbit, bmi1, bmi2, adx, fma

Memory: 4k page, system-wide physical 3993M (350M free)
TotalPageFile size 12667M (AvailPageFile size 13M)
current process WorkingSet (physical memory assigned to process): 110M, peak: 110M
current process commit charge ("private bytes"): 168M, peak: 181M

vm_info: Java HotSpot(TM) 64-Bit Server VM (11.0.1+13-LTS) for windows-amd64 JRE (11.0.1+13-LTS), built on Oct  6 2018 13:20:16 by "mach5one" with MS VC++ 15.5 (VS2017)

END.
